SF:lib/main.dart
DA:19,0
DA:20,0
DA:21,0
DA:29,1
DA:31,1
DA:33,1
DA:35,1
DA:36,1
DA:44,1
DA:48,1
DA:49,1
DA:73,1
DA:75,1
DA:76,2
DA:79,2
DA:80,2
DA:81,4
DA:82,1
DA:83,5
DA:84,0
DA:87,2
DA:92,2
DA:97,1
DA:98,1
DA:99,0
DA:101,2
DA:102,1
DA:112,1
DA:121,1
DA:123,2
DA:125,1
DA:126,1
DA:127,4
DA:128,3
DA:129,1
DA:130,3
DA:131,3
DA:132,3
DA:135,1
DA:136,1
DA:138,2
DA:140,3
DA:141,1
DA:147,1
DA:148,2
DA:149,1
DA:150,1
DA:151,1
DA:156,1
DA:161,0
DA:163,0
DA:165,0
DA:166,0
DA:172,2
DA:173,1
DA:175,1
DA:182,1
DA:183,1
DA:184,1
DA:185,2
DA:186,1
DA:191,1
DA:193,2
DA:194,2
DA:196,1
DA:199,2
DA:202,2
DA:204,1
DA:207,1
DA:209,1
DA:210,2
DA:211,1
DA:212,0
DA:214,0
DA:216,0
DA:222,3
DA:223,2
DA:226,1
DA:227,1
DA:228,4
DA:229,2
DA:231,1
DA:233,3
DA:234,2
DA:235,1
DA:239,0
DA:240,0
DA:244,1
DA:246,0
DA:250,1
DA:251,1
DA:254,2
DA:256,0
DA:259,0
DA:260,0
DA:261,0
DA:268,2
DA:269,1
DA:270,2
DA:272,1
DA:275,1
DA:276,1
DA:277,1
DA:279,1
DA:281,2
DA:282,1
DA:283,0
DA:285,0
DA:287,0
DA:290,3
DA:291,2
DA:292,3
DA:294,0
DA:296,1
DA:300,1
DA:301,2
DA:302,2
DA:304,2
DA:305,2
DA:308,1
DA:314,2
DA:315,0
DA:316,0
DA:317,0
DA:318,0
DA:320,0
DA:324,0
DA:325,0
DA:327,0
DA:329,0
DA:332,0
DA:335,0
DA:339,0
DA:340,0
DA:342,0
DA:343,0
DA:349,0
DA:352,0
DA:353,0
DA:354,0
DA:356,0
DA:358,0
DA:361,0
DA:363,0
DA:364,0
DA:367,0
DA:373,0
DA:376,0
DA:381,1
DA:383,2
DA:385,1
DA:386,1
DA:388,1
DA:397,1
DA:399,1
DA:401,1
DA:403,1
DA:404,1
DA:407,3
DA:409,1
DA:411,0
DA:412,0
DA:415,0
DA:420,0
DA:421,0
DA:423,0
DA:429,1
DA:430,1
DA:432,2
DA:433,2
DA:441,1
DA:446,1
DA:447,1
DA:454,1
DA:456,1
DA:458,0
DA:459,0
DA:460,0
DA:462,0
DA:464,0
DA:475,1
DA:479,1
DA:480,1
DA:481,0
DA:485,1
DA:486,1
DA:488,1
DA:489,2
DA:490,2
DA:491,1
DA:492,1
DA:495,1
DA:503,1
DA:505,1
DA:508,1
DA:510,1
DA:515,1
DA:521,1
DA:522,1
DA:523,1
DA:524,3
DA:529,1
DA:530,3
DA:534,1
DA:535,1
DA:536,0
DA:540,1
DA:542,1
DA:543,1
DA:545,1
DA:546,1
DA:548,1
DA:550,3
DA:556,1
DA:558,3
DA:559,1
DA:564,1
DA:567,1
DA:569,1
DA:570,2
DA:572,1
DA:573,1
DA:574,1
DA:575,2
DA:594,1
DA:596,1
DA:597,1
DA:600,1
DA:602,3
DA:606,1
DA:608,2
DA:612,1
DA:613,1
DA:614,1
DA:616,1
DA:618,1
DA:621,1
DA:623,1
DA:624,1
DA:625,1
DA:626,2
DA:636,1
DA:637,1
DA:638,1
DA:639,1
DA:643,1
DA:646,1
DA:648,1
DA:651,1
DA:652,1
DA:653,2
DA:655,1
DA:656,2
DA:660,1
DA:661,1
DA:662,2
DA:678,1
DA:683,1
DA:684,1
DA:685,2
DA:687,1
DA:691,1
DA:692,1
DA:693,1
DA:694,2
DA:699,1
DA:700,1
DA:701,2
DA:712,1
DA:715,1
DA:716,1
DA:717,1
DA:718,1
DA:719,1
DA:720,3
DA:729,3
DA:732,1
DA:733,3
DA:738,0
DA:740,0
LF:280
LH:215
end_of_record
SF:lib/be_real_capture_page.dart
DA:21,0
DA:28,0
DA:29,0
DA:41,0
DA:43,0
DA:44,0
DA:47,0
DA:52,0
DA:54,0
DA:57,0
DA:59,0
DA:61,0
DA:62,0
DA:63,0
DA:66,0
DA:68,0
DA:69,0
DA:70,0
DA:71,0
DA:74,0
DA:75,0
DA:76,0
DA:80,0
DA:81,0
DA:88,0
DA:89,0
DA:90,0
DA:91,0
DA:95,0
DA:96,0
DA:98,0
DA:99,0
DA:105,0
DA:110,0
DA:111,0
DA:112,0
DA:113,0
DA:120,0
DA:122,0
DA:124,0
DA:125,0
DA:126,0
DA:127,0
DA:128,0
DA:129,0
DA:132,0
DA:133,0
DA:135,0
DA:136,0
DA:138,0
DA:142,0
DA:144,0
DA:145,0
DA:147,0
DA:152,0
DA:153,0
DA:154,0
DA:155,0
DA:156,0
DA:161,0
DA:163,0
DA:164,0
DA:166,0
DA:168,0
DA:172,0
DA:179,0
DA:180,0
DA:182,0
DA:185,0
DA:187,0
DA:188,0
DA:194,0
DA:197,0
DA:202,0
DA:203,0
DA:210,0
DA:211,0
DA:212,0
DA:215,0
DA:217,0
DA:224,0
DA:225,0
DA:226,0
DA:235,0
DA:236,0
DA:242,0
DA:243,0
DA:256,0
DA:257,0
DA:262,0
DA:263,0
DA:264,0
DA:266,0
DA:269,0
DA:270,0
DA:271,0
DA:275,0
DA:276,0
DA:278,0
DA:280,0
DA:282,0
DA:283,0
DA:284,0
DA:288,0
DA:289,0
DA:291,0
DA:292,0
DA:297,0
DA:305,0
DA:306,0
DA:309,0
DA:310,0
DA:312,0
DA:313,0
DA:314,0
DA:315,0
DA:318,0
DA:322,0
DA:326,0
DA:334,0
DA:338,0
DA:339,0
DA:342,0
DA:345,0
DA:346,0
DA:348,0
DA:351,0
DA:354,0
DA:360,0
DA:361,0
DA:363,0
DA:364,0
DA:366,0
DA:367,0
DA:369,0
DA:370,0
DA:371,0
DA:375,0
DA:376,0
DA:378,0
DA:379,0
DA:384,0
DA:389,0
DA:392,0
DA:395,0
DA:396,0
DA:399,0
DA:400,0
DA:402,0
DA:403,0
DA:404,0
DA:407,0
DA:412,0
DA:413,0
DA:419,0
DA:421,0
DA:422,0
DA:423,0
DA:424,0
DA:425,0
DA:432,0
DA:433,0
DA:439,0
DA:440,0
DA:449,0
DA:450,0
DA:453,0
DA:454,0
DA:455,0
DA:458,0
DA:462,0
DA:463,0
DA:466,0
DA:467,0
DA:468,0
DA:471,0
DA:472,0
DA:477,0
DA:479,0
DA:480,0
DA:482,0
DA:489,0
DA:490,0
DA:492,0
DA:497,0
DA:501,0
DA:502,0
DA:505,0
DA:506,0
DA:507,0
DA:512,0
DA:516,0
DA:517,0
DA:518,0
DA:519,0
DA:522,0
DA:524,0
DA:526,0
DA:527,0
DA:530,0
DA:531,0
DA:532,0
DA:535,0
DA:538,0
DA:539,0
DA:540,0
DA:543,0
DA:546,0
DA:547,0
DA:550,0
DA:551,0
DA:555,0
DA:557,0
DA:559,0
DA:560,0
DA:561,0
DA:565,0
DA:566,0
DA:568,0
DA:569,0
DA:570,0
DA:574,0
DA:577,0
DA:580,0
DA:581,0
DA:583,0
DA:584,0
DA:592,0
DA:593,0
DA:596,0
DA:599,0
DA:603,0
DA:606,0
DA:607,0
DA:608,0
DA:610,0
DA:612,0
DA:613,0
DA:615,0
DA:617,0
DA:625,0
DA:626,0
DA:629,0
DA:631,0
DA:632,0
DA:636,0
DA:637,0
DA:638,0
DA:639,0
DA:640,0
DA:641,0
DA:642,0
DA:646,0
DA:648,0
DA:649,0
DA:655,0
DA:656,0
DA:658,0
DA:660,0
DA:661,0
DA:663,0
DA:666,0
DA:667,0
DA:672,0
DA:680,0
DA:683,0
DA:684,0
DA:685,0
DA:687,0
DA:688,0
DA:689,0
DA:695,0
DA:696,0
DA:697,0
DA:700,0
DA:701,0
DA:702,0
DA:703,0
DA:704,0
DA:705,0
DA:706,0
DA:709,0
DA:713,0
DA:714,0
DA:715,0
DA:716,0
DA:717,0
DA:720,0
DA:721,0
DA:722,0
DA:723,0
DA:724,0
DA:725,0
DA:728,0
DA:729,0
DA:730,0
DA:731,0
DA:733,0
DA:737,0
DA:738,0
DA:739,0
DA:740,0
DA:743,0
DA:747,0
DA:748,0
DA:749,0
DA:750,0
DA:755,0
DA:756,0
DA:757,0
DA:758,0
DA:759,0
DA:760,0
DA:764,0
DA:767,0
DA:768,0
DA:769,0
DA:771,0
DA:775,0
DA:776,0
DA:777,0
DA:781,0
DA:782,0
DA:792,0
DA:793,0
DA:794,0
DA:795,0
DA:799,0
DA:800,0
DA:801,0
DA:802,0
DA:803,0
DA:804,0
DA:811,0
DA:812,0
DA:813,0
DA:819,0
DA:820,0
DA:821,0
DA:822,0
DA:823,0
DA:825,0
DA:828,0
DA:829,0
DA:830,0
DA:831,0
DA:832,0
DA:834,0
DA:845,0
DA:846,0
DA:847,0
DA:848,0
DA:852,0
DA:853,0
DA:854,0
DA:855,0
DA:860,0
DA:861,0
DA:869,0
DA:870,0
DA:871,0
DA:872,0
DA:876,0
DA:877,0
DA:878,0
DA:879,0
DA:880,0
DA:881,0
DA:882,0
DA:885,0
DA:889,0
DA:891,0
DA:895,0
DA:896,0
DA:897,0
DA:900,0
DA:901,0
DA:904,0
DA:905,0
DA:907,0
DA:915,0
DA:916,0
DA:917,0
DA:918,0
DA:925,0
DA:926,0
DA:927,0
DA:928,0
DA:942,0
DA:943,0
DA:944,0
DA:945,0
DA:947,0
DA:948,0
DA:949,0
DA:952,0
DA:954,0
DA:956,0
DA:957,0
DA:964,0
DA:965,0
DA:966,0
DA:967,0
DA:968,0
DA:971,0
DA:972,0
DA:973,0
DA:977,0
DA:980,0
DA:981,0
DA:983,0
DA:986,0
DA:992,0
DA:996,0
DA:999,0
DA:1000,0
DA:1003,0
DA:1004,0
DA:1005,0
DA:1014,0
DA:1016,0
DA:1017,0
DA:1018,0
DA:1020,0
DA:1023,0
DA:1029,0
DA:1042,0
DA:1043,0
DA:1044,0
DA:1045,0
DA:1048,0
DA:1050,0
DA:1051,0
DA:1053,0
DA:1056,0
DA:1057,0
DA:1059,0
DA:1060,0
DA:1065,0
DA:1066,0
DA:1067,0
DA:1068,0
DA:1077,0
DA:1078,0
DA:1082,0
DA:1083,0
DA:1084,0
DA:1085,0
DA:1087,0
DA:1088,0
DA:1089,0
DA:1090,0
DA:1091,0
DA:1094,0
DA:1101,0
DA:1102,0
DA:1103,0
DA:1104,0
DA:1108,0
DA:1109,0
DA:1110,0
DA:1112,0
DA:1113,0
DA:1115,0
DA:1121,0
DA:1123,0
DA:1124,0
DA:1125,0
DA:1141,0
DA:1142,0
DA:1143,0
DA:1145,0
DA:1152,0
DA:1154,0
DA:1157,0
DA:1158,0
DA:1159,0
DA:1162,0
DA:1163,0
DA:1164,0
DA:1172,0
DA:1173,0
DA:1174,0
DA:1176,0
DA:1182,0
DA:1184,0
DA:1185,0
DA:1186,0
DA:1187,0
DA:1190,0
DA:1194,0
DA:1195,0
DA:1198,0
LF:493
LH:0
end_of_record
SF:lib/models.dart
DA:15,1
DA:19,2
DA:20,1
DA:21,1
DA:24,0
DA:25,0
DA:29,0
DA:36,0
DA:37,0
DA:38,0
DA:42,0
DA:43,0
DA:45,0
DA:46,0
DA:47,0
DA:48,0
DA:49,0
DA:51,0
DA:52,0
DA:53,0
DA:54,0
DA:57,0
DA:58,0
DA:63,0
DA:64,0
DA:65,0
DA:68,0
DA:70,0
DA:71,0
DA:72,0
DA:73,0
DA:74,0
DA:79,0
LF:33
LH:4
end_of_record
SF:lib/widgets/rive_builder.dart
DA:10,1
DA:12,1
DA:13,1
DA:19,1
DA:22,3
DA:23,2
DA:28,0
DA:32,0
DA:35,0
DA:38,0
DA:39,0
DA:43,0
DA:44,0
DA:49,1
DA:51,1
DA:53,2
DA:56,0
DA:57,0
DA:58,0
DA:60,0
DA:62,0
DA:63,0
DA:65,0
DA:67,0
DA:68,0
DA:69,0
DA:72,0
DA:73,0
DA:85,1
DA:87,1
DA:88,1
DA:89,1
DA:90,2
DA:94,1
DA:96,0
DA:102,3
DA:103,1
DA:107,0
DA:113,0
DA:114,0
DA:115,0
DA:121,1
DA:122,1
DA:123,1
LF:44
LH:20
end_of_record
SF:lib/widgets/consumption_gauge_painter.dart
DA:9,1
DA:13,1
DA:14,1
DA:27,3
DA:29,0
DA:33,2
DA:35,2
DA:38,1
DA:39,1
DA:40,1
DA:45,1
DA:47,5
DA:50,7
DA:54,1
DA:55,4
DA:56,1
DA:57,1
DA:58,1
DA:59,1
DA:60,1
DA:61,2
DA:63,2
DA:65,2
DA:66,1
DA:67,3
DA:68,1
DA:69,0
DA:73,2
DA:74,4
DA:76,3
DA:77,1
DA:79,1
DA:82,2
DA:83,2
DA:84,1
DA:85,2
DA:86,1
DA:87,2
DA:88,2
DA:90,1
DA:91,1
DA:92,4
DA:93,4
DA:95,2
DA:97,1
DA:101,1
DA:102,4
DA:103,2
DA:104,1
DA:105,2
DA:106,1
DA:109,1
DA:110,1
DA:111,1
DA:112,1
DA:113,1
DA:114,1
DA:115,1
DA:120,1
DA:121,4
DA:122,1
DA:123,1
DA:127,2
DA:128,1
DA:129,2
DA:130,1
DA:132,2
DA:133,2
DA:135,1
DA:136,1
DA:137,4
DA:138,4
DA:140,2
DA:144,1
DA:145,2
DA:146,3
DA:148,2
DA:149,1
DA:150,1
DA:151,1
DA:156,1
LF:81
LH:79
end_of_record
SF:lib/widgets/health_bar.dart
DA:7,1
DA:9,1
DA:11,1
DA:13,1
DA:14,1
DA:15,1
DA:16,1
DA:17,5
DA:18,1
DA:20,3
DA:25,1
DA:27,1
DA:28,1
DA:30,1
DA:31,1
DA:32,1
DA:33,1
DA:34,3
DA:41,1
DA:42,1
DA:43,1
DA:45,1
DA:46,1
DA:47,1
DA:49,2
DA:50,3
DA:51,0
DA:52,0
DA:53,0
DA:55,1
DA:56,1
DA:57,3
DA:65,1
DA:66,1
DA:67,1
DA:68,1
DA:69,1
DA:71,1
DA:72,1
DA:73,1
DA:76,1
DA:77,3
DA:78,3
DA:81,1
DA:82,3
DA:89,1
DA:90,1
DA:91,1
DA:92,1
DA:93,1
DA:94,1
DA:97,1
DA:98,3
DA:101,1
DA:107,1
DA:108,1
DA:109,4
DA:111,1
DA:115,1
DA:116,1
DA:117,3
DA:121,1
DA:122,3
LF:63
LH:60
end_of_record
SF:lib/widgets/character_card.dart
DA:9,1
DA:17,1
DA:19,1
DA:21,1
DA:22,1
DA:31,1
DA:32,1
DA:34,4
DA:42,1
DA:43,1
DA:44,1
DA:57,1
DA:65,1
DA:73,1
DA:76,1
DA:77,3
DA:78,1
DA:81,1
DA:82,1
DA:83,3
DA:87,1
DA:88,3
DA:92,1
DA:93,3
DA:100,1
DA:101,1
DA:102,1
DA:103,1
DA:105,4
DA:113,1
DA:115,1
LF:31
LH:31
end_of_record
